<?xml version="1.0" encoding="UTF-8"?>
<!-- Generated by org.testng.reporters.JUnitXMLReporter -->
<testsuite ignored="0" hostname="IN1WXL-522493" failures="0" tests="2" name="SeleniumDockerFFTest" time="20.881" errors="0" timestamp="26 Jul 2020 11:03:40 GMT">
  <testcase classname="com.seleniumdockertest.SeleniumDockerTest" name="getFooterLinkTest" time="1.565"/>
  <testcase classname="com.seleniumdockertest.SeleniumDockerTest" name="getTitleTest" time="0.037"/>
</testsuite> <!-- SeleniumDockerFFTest -->
