<?xml version="1.0" encoding="UTF-8"?>
<!-- Generated by org.testng.reporters.JUnitXMLReporter -->
<testsuite ignored="0" hostname="IN1WXL-522493" failures="0" tests="2" name="SeleniumDockerChromeTest" time="9.347" errors="0" timestamp="26 Jul 2020 11:03:28 GMT">
  <testcase classname="com.seleniumdockertest.SeleniumDockerTest" name="getFooterLinkTest" time="2.134"/>
  <testcase classname="com.seleniumdockertest.SeleniumDockerTest" name="getTitleTest" time="0.059"/>
</testsuite> <!-- SeleniumDockerChromeTest -->
